<?xml version="1.0" encoding="UTF-8"?>
<testng-results ignored="0" total="2" passed="2" failed="0" skipped="0">
  <reporter-output>
  </reporter-output>
  <suite started-at="2024-03-01T10:51:59 IST" name="Default suite" finished-at="2024-03-01T10:52:03 IST" duration-ms="4214">
    <groups>
    </groups>
    <test started-at="2024-03-01T10:51:59 IST" name="Default test" finished-at="2024-03-01T10:52:03 IST" duration-ms="4214">
      <class name="MagnetoWebsite.Application">
        <test-method is-config="true" signature="setup()[pri:0, instance:MagnetoWebsite.Application@784c3487]" started-at="2024-03-01T10:51:57 IST" name="setup" finished-at="2024-03-01T10:51:59 IST" duration-ms="2359" status="PASS">
          <reporter-output>
          </reporter-output>
        </test-method> <!-- setup -->
        <test-method signature="HomePage()[pri:0, instance:MagnetoWebsite.Application@784c3487]" started-at="2024-03-01T10:51:59 IST" name="HomePage" finished-at="2024-03-01T10:52:01 IST" duration-ms="1722" status="PASS">
          <reporter-output>
          </reporter-output>
        </test-method> <!-- HomePage -->
        <test-method signature="SignIn()[pri:0, instance:MagnetoWebsite.Application@784c3487]" started-at="2024-03-01T10:52:01 IST" name="SignIn" finished-at="2024-03-01T10:52:03 IST" depends-on-methods="MagnetoWebsite.Application.HomePage" duration-ms="2404" status="PASS">
          <reporter-output>
          </reporter-output>
        </test-method> <!-- SignIn -->
        <test-method is-config="true" signature="close()[pri:0, instance:MagnetoWebsite.Application@784c3487]" started-at="2024-03-01T10:52:03 IST" name="close" finished-at="2024-03-01T10:52:09 IST" duration-ms="6008" status="PASS">
          <reporter-output>
          </reporter-output>
        </test-method> <!-- close -->
      </class> <!-- MagnetoWebsite.Application -->
    </test> <!-- Default test -->
  </suite> <!-- Default suite -->
</testng-results>
