<?xml version="1.0" encoding="UTF-8"?>
<!-- Generated by org.testng.reporters.JUnitXMLReporter -->
<testsuite ignored="1" hostname="DESKTOP-GUHQSEO" failures="0" tests="1" name="Test2" time="8.319" errors="0" timestamp="2024-02-29T16:50:27 IST">
  <testcase classname="TestNGParallelExecution.TestNGParallel2" name="openInstagram" time="8.262"/>
  <testcase classname="TestNGParallelExecution.TestNGParallel2" name="testMethod1" time="0.0">
    <ignored/>
  </testcase> <!-- testMethod1 -->
</testsuite> <!-- Test2 -->
