<?xml version="1.0" encoding="UTF-8"?>
<!-- Generated by org.testng.reporters.JUnitXMLReporter -->
<testsuite ignored="3" hostname="DESKTOP-GUHQSEO" failures="0" tests="1" name="Test3" time="0.021" errors="0" timestamp="2024-02-29T16:50:27 IST">
  <testcase classname="TestNGParallelExecution.TestNGParallel3" name="testMethod2" time="0.005"/>
  <testcase classname="TestNGParallelExecution.TestNGParallel3" name="openTwitter" time="0.0">
    <ignored/>
  </testcase> <!-- openTwitter -->
  <testcase classname="TestNGParallelExecution.TestNGParallel3" name="testMethod1" time="0.0">
    <ignored/>
  </testcase> <!-- testMethod1 -->
  <testcase classname="TestNGParallelExecution.TestNGParallel3" name="testMethod3" time="0.0">
    <ignored/>
  </testcase> <!-- testMethod3 -->
</testsuite> <!-- Test3 -->
