<?xml version="1.0" encoding="UTF-8"?>
<!-- Generated by org.testng.reporters.JUnitXMLReporter -->
<testsuite ignored="3" hostname="DESKTOP-GUHQSEO" failures="0" tests="0" time="0.018" errors="0" timestamp="2024-02-29T16:50:19 IST">
  <testcase classname="TestNGParallelExecution.TestNGParallel1" name="testMethod2" time="0.0">
    <ignored/>
  </testcase> <!-- testMethod2 -->
  <testcase classname="TestNGParallelExecution.TestNGParallel1" name="openFacebook" time="0.0">
    <ignored/>
  </testcase> <!-- openFacebook -->
  <testcase classname="TestNGParallelExecution.TestNGParallel1" name="testMethod1" time="0.0">
    <ignored/>
  </testcase> <!-- testMethod1 -->
</testsuite>
